<?xml version="1.0" encoding="UTF-8"?>
<!-- Generated by org.testng.reporters.JUnitReportReporter -->
<testsuite hostname="ahm-l-amitg" failures="0" tests="1" name="com.inetbanking.testCases.HandleFrame" time="20.888" errors="0" timestamp="25 Mar 2022 18:06:11 GMT">
  <testcase classname="com.inetbanking.testCases.HandleFrame" name="Handleframe" time="20.888"/>
</testsuite> <!-- com.inetbanking.testCases.HandleFrame -->
