<?xml version="1.0" encoding="UTF-8"?>
<!-- Generated by org.testng.reporters.JUnitReportReporter -->
<testsuite hostname="localhost.localdomain" failures="0" tests="1" name="com.inetbanking.testCases.Rbo" time="22.158" errors="0" timestamp="22 Mar 2022 19:19:58 GMT">
  <testcase classname="com.inetbanking.testCases.Rbo" name="upload" time="22.158"/>
</testsuite> <!-- com.inetbanking.testCases.Rbo -->
