<?xml version="1.0" encoding="UTF-8"?>
<!-- Generated by org.testng.reporters.JUnitReportReporter -->
<testsuite hostname="localhost.localdomain" failures="0" tests="1" name="com.inetbanking.testCases.HandleFrame" time="26.157" errors="0" timestamp="20 Mar 2022 04:30:32 GMT">
  <testcase classname="com.inetbanking.testCases.HandleFrame" name="Handleframe" time="26.157"/>
</testsuite> <!-- com.inetbanking.testCases.HandleFrame -->
