<?xml version="1.0" encoding="UTF-8"?>
<!-- Generated by org.testng.reporters.JUnitReportReporter -->
<testsuite hostname="localhost.localdomain" failures="0" tests="1" name="com.inetbanking.testCases.ExtentHtmlReporterDemo" time="15.245" errors="0" timestamp="20 Mar 2022 11:58:31 GMT">
  <testcase classname="com.inetbanking.testCases.ExtentHtmlReporterDemo" name="HtlmReport" time="15.245"/>
</testsuite> <!-- com.inetbanking.testCases.ExtentHtmlReporterDemo -->
