<?xml version="1.0" encoding="UTF-8"?>
<!-- Generated by org.testng.reporters.JUnitReportReporter -->
<testsuite hostname="localhost.localdomain" failures="0" tests="1" name="com.inetbanking.testCases.Rbo" time="8.345" errors="0" timestamp="20 Mar 2022 04:27:32 GMT">
  <testcase classname="com.inetbanking.testCases.Rbo" name="upload" time="8.345"/>
</testsuite> <!-- com.inetbanking.testCases.Rbo -->
