<?xml version="1.0" encoding="UTF-8"?>
<!-- Generated by org.testng.reporters.JUnitReportReporter -->
<testsuite hostname="ahm-l-amitg" failures="0" tests="5" name="com.inetbanking.group.NewTest1TestTest" time="0.017" errors="0" timestamp="26 Mar 2022 07:08:00 GMT">
  <testcase classname="com.inetbanking.group.NewTest1TestTest" name="test3" time="0.001"/>
  <testcase classname="com.inetbanking.group.NewTest1TestTest" name="test5" time="0.002"/>
  <testcase classname="com.inetbanking.group.NewTest1TestTest" name="test4" time="0.001"/>
  <testcase classname="com.inetbanking.group.NewTest1TestTest" name="test1" time="0.011"/>
  <testcase classname="com.inetbanking.group.NewTest1TestTest" name="test2" time="0.002"/>
</testsuite> <!-- com.inetbanking.group.NewTest1TestTest -->
