<?xml version="1.0" encoding="UTF-8"?>
<!-- Generated by org.testng.reporters.JUnitReportReporter -->
<testsuite hostname="localhost.localdomain" failures="0" tests="1" name="com.inetbanking.testCases.TC_LoginTest_001" time="9.545" errors="0" timestamp="19 Mar 2022 17:56:22 GMT">
  <testcase classname="com.inetbanking.testCases.TC_LoginTest_001" name="loginTest" time="9.545"/>
</testsuite> <!-- com.inetbanking.testCases.TC_LoginTest_001 -->
